c:\users\tammie\desktop\ai\dm2212_framework\base\debug\vc120.pdb
c:\users\tammie\desktop\ai\dm2212_framework\base\debug\vc120.idb
c:\users\tammie\desktop\ai\dm2212_framework\base\debug\application.obj
c:\users\tammie\desktop\ai\dm2212_framework\base\debug\camera.obj
c:\users\tammie\desktop\ai\dm2212_framework\base\debug\gameobject.obj
c:\users\tammie\desktop\ai\dm2212_framework\base\debug\loadobj.obj
c:\users\tammie\desktop\ai\dm2212_framework\base\debug\loadtga.obj
c:\users\tammie\desktop\ai\dm2212_framework\base\debug\main.obj
c:\users\tammie\desktop\ai\dm2212_framework\base\debug\mesh.obj
c:\users\tammie\desktop\ai\dm2212_framework\base\debug\meshbuilder.obj
c:\users\tammie\desktop\ai\dm2212_framework\base\debug\sceneai.obj
c:\users\tammie\desktop\ai\dm2212_framework\base\debug\scenebase.obj
c:\users\tammie\desktop\ai\dm2212_framework\base\debug\shader.obj
c:\users\tammie\desktop\ai\dm2212_framework\base\debug\utility.obj
c:\users\tammie\desktop\ai\dm2212_framework\base\debug\customer.obj
c:\users\tammie\desktop\ai\dm2212_framework\base\debug\cashier.obj
c:\users\tammie\desktop\ai\dm2212_framework\debug\base.exe
c:\users\tammie\desktop\ai\dm2212_framework\debug\base.pdb
c:\users\tammie\desktop\ai\dm2212_framework\base\debug\base.tlog\cl.command.1.tlog
c:\users\tammie\desktop\ai\dm2212_framework\base\debug\base.tlog\cl.read.1.tlog
c:\users\tammie\desktop\ai\dm2212_framework\base\debug\base.tlog\cl.write.1.tlog
c:\users\tammie\desktop\ai\dm2212_framework\base\debug\base.tlog\link.command.1.tlog
c:\users\tammie\desktop\ai\dm2212_framework\base\debug\base.tlog\link.read.1.tlog
c:\users\tammie\desktop\ai\dm2212_framework\base\debug\base.tlog\link.write.1.tlog
