Build started 2/10/2016 1:21:14 PM.
     1>Project "C:\Users\Tammie\Desktop\AIAssig2\DM2212_Framework\Base\Base.vcxproj" on node 2 (Build target(s)).
     1>ClCompile:
         C:\Program Files (x86)\Microsoft Visual Studio 12.0\VC\bin\CL.exe /c /IC:\Users\Tammie\Desktop\AIAssig2\DM2212_Framework\/Common/Source /IC:\Users\Tammie\Desktop\AIAssig2\DM2212_Framework\/glew/include /IC:\Users\Tammie\Desktop\AIAssig2\DM2212_Framework\/glfw/include /ZI /nologo /W3 /WX- /Od /Oy- /D _VARIADIC_MAX=10 /D WIN32 /D _DEBUG /D _CONSOLE /D _UNICODE /D UNICODE /Gm /EHsc /RTC1 /MDd /GS /fp:precise /Zc:wchar_t /Zc:forScope /Fo"Debug\\" /Fd"Debug\vc120.pdb" /Gd /TP /analyze- /errorReport:prompt Source\Application.cpp Source\SceneAI.cpp
         SceneAI.cpp
     1>c:\users\tammie\desktop\aiassig2\dm2212_framework\base\source\sceneai.cpp(251): warning C4244: '+=' : conversion from 'double' to 'float', possible loss of data
     1>c:\users\tammie\desktop\aiassig2\dm2212_framework\base\source\sceneai.cpp(276): warning C4244: '+=' : conversion from 'double' to 'float', possible loss of data
     1>c:\users\tammie\desktop\aiassig2\dm2212_framework\base\source\sceneai.cpp(303): warning C4244: '+=' : conversion from 'double' to 'float', possible loss of data
     1>c:\users\tammie\desktop\aiassig2\dm2212_framework\base\source\sceneai.cpp(332): warning C4244: 'argument' : conversion from 'double' to 'float', possible loss of data
         Application.cpp
         Generating Code...
     1>c:\users\tammie\desktop\aiassig2\dm2212_framework\base\source\sceneai.cpp(165): warning C4715: 'SceneAI::RandomLane' : not all control paths return a value
       Link:
         C:\Program Files (x86)\Microsoft Visual Studio 12.0\VC\bin\link.exe /ERRORREPORT:PROMPT /OUT:"C:\Users\Tammie\Desktop\AIAssig2\DM2212_Framework\Debug\Base.exe" /INCREMENTAL:NO /NOLOGO /LIBPATH:C:\Users\Tammie\Desktop\AIAssig2\DM2212_Framework\Debug /LIBPATH:"C:\Users\Tammie\Desktop\AIAssig2\DM2212_Framework\/glfw/lib-msvc100" /LIBPATH:C:\Users\Tammie\Desktop\AIAssig2\DM2212_Framework\/glew/lib Common.lib winmm.lib opengl32.lib glu32.lib glew32.lib glfw3.lib kernel32.lib user32.lib gdi32.lib winspool.lib comdlg32.lib advapi32.lib shell32.lib ole32.lib oleaut32.lib uuid.lib odbc32.lib odbccp32.lib /MANIFEST /MANIFESTUAC:"level='asInvoker' uiAccess='false'" /manifest:embed /DEBUG /PDB:"C:\Users\Tammie\Desktop\AIAssig2\DM2212_Framework\Debug\Base.pdb" /SUBSYSTEM:CONSOLE /TLBID:1 /DYNAMICBASE /NXCOMPAT /IMPLIB:"C:\Users\Tammie\Desktop\AIAssig2\DM2212_Framework\Debug\Base.lib" /MACHINE:X86 Debug\Application.obj
         Debug\Camera.obj
         Debug\GameObject.obj
         Debug\LoadOBJ.obj
         Debug\LoadTGA.obj
         Debug\main.obj
         Debug\Mesh.obj
         Debug\MeshBuilder.obj
         Debug\MessageBoard.obj
         Debug\SceneAI.obj
         Debug\SceneBase.obj
         Debug\shader.obj
         Debug\Utility.obj
     1>Application.obj : warning LNK4075: ignoring '/EDITANDCONTINUE' due to '/OPT:LBR' specification
     1>LINK : warning LNK4098: defaultlib 'MSVCRT' conflicts with use of other libs; use /NODEFAULTLIB:library
     1>MessageBoard.obj : warning LNK4020: a type record in 'c:\users\tammie\desktop\aiassig2\dm2212_framework\base\debug\vc120.pdb' is corrupted; some symbols and types may not be accessible from the debugger
     1>MeshBuilder.obj : warning LNK4020: a type record in 'c:\users\tammie\desktop\aiassig2\dm2212_framework\base\debug\vc120.pdb' is corrupted; some symbols and types may not be accessible from the debugger
     1>Mesh.obj : warning LNK4020: a type record in 'c:\users\tammie\desktop\aiassig2\dm2212_framework\base\debug\vc120.pdb' is corrupted; some symbols and types may not be accessible from the debugger
     1>main.obj : warning LNK4020: a type record in 'c:\users\tammie\desktop\aiassig2\dm2212_framework\base\debug\vc120.pdb' is corrupted; some symbols and types may not be accessible from the debugger
     1>LoadTGA.obj : warning LNK4020: a type record in 'c:\users\tammie\desktop\aiassig2\dm2212_framework\base\debug\vc120.pdb' is corrupted; some symbols and types may not be accessible from the debugger
     1>LoadOBJ.obj : warning LNK4020: a type record in 'c:\users\tammie\desktop\aiassig2\dm2212_framework\base\debug\vc120.pdb' is corrupted; some symbols and types may not be accessible from the debugger
     1>GameObject.obj : warning LNK4020: a type record in 'c:\users\tammie\desktop\aiassig2\dm2212_framework\base\debug\vc120.pdb' is corrupted; some symbols and types may not be accessible from the debugger
     1>Camera.obj : warning LNK4020: a type record in 'c:\users\tammie\desktop\aiassig2\dm2212_framework\base\debug\vc120.pdb' is corrupted; some symbols and types may not be accessible from the debugger
     1>Application.obj : warning LNK4020: a type record in 'c:\users\tammie\desktop\aiassig2\dm2212_framework\base\debug\vc120.pdb' is corrupted; some symbols and types may not be accessible from the debugger
         Base.vcxproj -> C:\Users\Tammie\Desktop\AIAssig2\DM2212_Framework\Debug\Base.exe
     1>Done Building Project "C:\Users\Tammie\Desktop\AIAssig2\DM2212_Framework\Base\Base.vcxproj" (Build target(s)).

Build succeeded.

Time Elapsed 00:00:03.24
