<<<<<<< c72f080b514c7df15737d62e6b680c161593d67e
﻿Build started 5/2/2016 4:26:47 PM.
     1>Project "C:\Users\vincent's\Desktop\AIAssig2\DM2212_Framework\Common\Common.vcxproj" on node 2 (Rebuild target(s)).
     1>ClCompile:
         C:\Program Files (x86)\Microsoft Visual Studio 12.0\VC\bin\CL.exe /c /ZI /nologo /W3 /WX- /Od /Oy- /D _VARIADIC_MAX=10 /D WIN32 /D _DEBUG /D _LIB /D _UNICODE /D UNICODE /Gm /EHsc /RTC1 /MDd /GS /fp:precise /Zc:wchar_t /Zc:forScope /Fo"Debug\\" /Fd"Debug\vc120.pdb" /Gd /TP /analyze- /errorReport:prompt Source\MatrixStack.cpp Source\Mtx44.cpp Source\timer.cpp Source\Vector3.cpp
         Vector3.cpp
         timer.cpp
         Mtx44.cpp
         MatrixStack.cpp
         Generating Code...
       Lib:
         C:\Program Files (x86)\Microsoft Visual Studio 12.0\VC\bin\Lib.exe /OUT:"C:\Users\vincent's\Desktop\AIAssig2\DM2212_Framework\Debug\Common.lib" /NOLOGO Debug\MatrixStack.obj
         Debug\Mtx44.obj
         Debug\timer.obj
         Debug\Vector3.obj
         Common.vcxproj -> C:\Users\vincent's\Desktop\AIAssig2\DM2212_Framework\Debug\Common.lib
     1>Done Building Project "C:\Users\vincent's\Desktop\AIAssig2\DM2212_Framework\Common\Common.vcxproj" (Rebuild target(s)).

Build succeeded.

Time Elapsed 00:00:01.74
=======
﻿Build started 2/5/2016 2:53:14 PM.
     1>Project "C:\Users\Tammie\Desktop\AIAssig2\DM2212_Framework\Common\Common.vcxproj" on node 2 (Build target(s)).
     1>Lib:
         Common.vcxproj -> C:\Users\Tammie\Desktop\AIAssig2\DM2212_Framework\Debug\Common.lib
     1>Done Building Project "C:\Users\Tammie\Desktop\AIAssig2\DM2212_Framework\Common\Common.vcxproj" (Build target(s)).

Build succeeded.

Time Elapsed 00:00:00.58
>>>>>>> f393741a14309b3fe45881143fa86f690795c20d
